<?xml version="1.0" encoding="UTF-8"?>
<!-- Generated by org.testng.reporters.JUnitReportReporter -->
<testsuite hostname="DESKTOP-09FF6EP" failures="0" tests="1" name="seleniumbasics.TestNGAnnotation" time="0.010" errors="0" timestamp="2025-08-21T14:22:20 IST" skipped="0">
  <testcase classname="seleniumbasics.TestNGAnnotation" name="testcase" time="0.010"/>
</testsuite> <!-- seleniumbasics.TestNGAnnotation -->
